#
# There is insufficient memory for the Java Runtime Environment to continue.
# Native memory allocation (malloc) failed to allocate 172176 bytes for Chunk::new
# Possible reasons:
#   The system is out of physical RAM or swap space
#   The process is running with CompressedOops enabled, and the Java Heap may be blocking the growth of the native heap
# Possible solutions:
#   Reduce memory load on the system
#   Increase physical memory or swap space
#   Check if swap backing store is full
#   Decrease Java heap size (-Xmx/-Xms)
#   Decrease number of Java threads
#   Decrease Java thread stack sizes (-Xss)
#   Set larger code cache with -XX:ReservedCodeCacheSize=
#   JVM is running with Unscaled Compressed Oops mode in which the Java heap is
#     placed in the first 4GB address space. The Java Heap base address is the
#     maximum limit for the native heap growth. Please use -XX:HeapBaseMinAddress
#     to set the Java Heap base and to place the Java Heap above 4GB virtual address.
# This output file may be truncated or incomplete.
#
#  Out of Memory Error (t:/workspace/open/src/hotspot/share/memory/arena.cpp:197), pid=1996, tid=2732
#
# JRE version: Java(TM) SE Runtime Environment (11.0.2+9) (build 11.0.2+9-LTS)
# Java VM: Java HotSpot(TM) 64-Bit Server VM (11.0.2+9-LTS, mixed mode, tiered, compressed oops, g1 gc, windows-amd64)
# No core dump will be written. Minidumps are not enabled by default on client versions of Windows
#

---------------  S U M M A R Y ------------

Command Line: -javaagent:C:\Program Files\JetBrains\IntelliJ IDEA Community Edition 2018.3.6\lib\idea_rt.jar=58780:C:\Program Files\JetBrains\IntelliJ IDEA Community Edition 2018.3.6\bin -Dfile.encoding=UTF-8 ExeptionHW

Host: Intel(R) Core(TM) M-5Y51 CPU @ 1.10GHz, 4 cores, 3G,  Windows 10 , 64 bit Build 17134 (10.0.17134.753)
Time: Sun Jul 21 00:07:56 2019 RTZ 2 (ceia) elapsed time: 0 seconds (0d 0h 0m 0s)

---------------  T H R E A D  ---------------

Current thread (0x000002a2dfd35000):  JavaThread "C2 CompilerThread0" daemon [_thread_in_native, id=2732, stack(0x000000b6e4d00000,0x000000b6e4e00000)]


Current CompileTask:
C2:    629  156       4       java.util.HashMap::putVal (300 bytes)

Stack: [0x000000b6e4d00000,0x000000b6e4e00000]
Native frames: (J=compiled Java code, j=interpreted, Vv=VM code, C=native code)
V  [jvm.dll+0x63574a]
V  [jvm.dll+0x77326f]
V  [jvm.dll+0x77491a]
V  [jvm.dll+0x774fd3]
V  [jvm.dll+0x25e418]
V  [jvm.dll+0xc2141]
V  [jvm.dll+0xc26dc]
V  [jvm.dll+0x36d7b7]
V  [jvm.dll+0x1a9651]
V  [jvm.dll+0x218352]
V  [jvm.dll+0x2173ea]
V  [jvm.dll+0x194200]
V  [jvm.dll+0x2263af]
V  [jvm.dll+0x2249b8]
V  [jvm.dll+0x738a9d]
V  [jvm.dll+0x6347f2]
C  [ucrtbase.dll+0x1e3fe]
C  [KERNEL32.DLL+0x14034]
C  [ntdll.dll+0x73691]


---------------  P R O C E S S  ---------------

Threads class SMR info:
_java_thread_list=0x000002a2dffaf2f0, length=9, elements={
0x000002a2c1824000, 0x000002a2dfcdf000, 0x000002a2dfccd000, 0x000002a2dfd2f000,
0x000002a2dfd32000, 0x000002a2dfd35000, 0x000002a2dfd36800, 0x000002a2dfe9d800,
0x000002a2dffb3000
}

Java Threads: ( => current thread )
  0x000002a2c1824000 JavaThread "main" [_thread_in_Java, id=15964, stack(0x000000b6e4200000,0x000000b6e4300000)]
  0x000002a2dfcdf000 JavaThread "Reference Handler" daemon [_thread_blocked, id=3328, stack(0x000000b6e4900000,0x000000b6e4a00000)]
  0x000002a2dfccd000 JavaThread "Finalizer" daemon [_thread_blocked, id=6148, stack(0x000000b6e4a00000,0x000000b6e4b00000)]
  0x000002a2dfd2f000 JavaThread "Signal Dispatcher" daemon [_thread_blocked, id=13832, stack(0x000000b6e4b00000,0x000000b6e4c00000)]
  0x000002a2dfd32000 JavaThread "Attach Listener" daemon [_thread_blocked, id=13944, stack(0x000000b6e4c00000,0x000000b6e4d00000)]
=>0x000002a2dfd35000 JavaThread "C2 CompilerThread0" daemon [_thread_in_native, id=2732, stack(0x000000b6e4d00000,0x000000b6e4e00000)]
  0x000002a2dfd36800 JavaThread "C1 CompilerThread0" daemon [_thread_blocked, id=5908, stack(0x000000b6e4e00000,0x000000b6e4f00000)]
  0x000002a2dfe9d800 JavaThread "Sweeper thread" daemon [_thread_blocked, id=9336, stack(0x000000b6e4f00000,0x000000b6e5000000)]
  0x000002a2dffb3000 JavaThread "Common-Cleaner" daemon [_thread_blocked, id=7484, stack(0x000000b6e5000000,0x000000b6e5100000)]

Other Threads:
  0x000002a2dfca8800 VMThread "VM Thread" [stack: 0x000000b6e4800000,0x000000b6e4900000] [id=1032]
  0x000002a2c183c000 GCTaskThread "GC Thread#0" [stack: 0x000000b6e4300000,0x000000b6e4400000] [id=15116]
  0x000002a2c1858800 ConcurrentGCThread "G1 Main Marker" [stack: 0x000000b6e4400000,0x000000b6e4500000] [id=9208]
  0x000002a2c1859800 ConcurrentGCThread "G1 Conc#0" [stack: 0x000000b6e4500000,0x000000b6e4600000] [id=5516]
  0x000002a2c18b1000 ConcurrentGCThread "G1 Refine#0" [stack: 0x000000b6e4600000,0x000000b6e4700000] [id=11724]
  0x000002a2c18b2000 ConcurrentGCThread "G1 Young RemSet Sampling" [stack: 0x000000b6e4700000,0x000000b6e4800000] [id=14320]

Threads with active compile tasks:
C2 CompilerThread0 156       4       java.util.HashMap::putVal (300 bytes)

VM state:not at safepoint (normal execution)

VM Mutex/Monitor currently owned by a thread: None

Heap address: 0x00000000c1400000, size: 1004 MB, Compressed Oops mode: 32-bit
Narrow klass base: 0x0000000000000000, Narrow klass shift: 3
Compressed class space size: 1073741824 Address: 0x0000000100000000

Heap:
 garbage-first heap   total 65536K, used 1024K [0x00000000c1400000, 0x0000000100000000)
  region size 1024K, 2 young (2048K), 0 survivors (0K)
 Metaspace       used 5505K, capacity 5595K, committed 5632K, reserved 1056768K
  class space    used 480K, capacity 502K, committed 512K, reserved 1048576K
Heap Regions: E=young(eden), S=young(survivor), O=old, HS=humongous(starts), HC=humongous(continues), CS=collection set, F=free, A=archive, TAMS=top-at-mark-start (previous, next)
|   0|0x00000000c1400000, 0x00000000c1400000, 0x00000000c1500000|  0%| F|  |TAMS 0x00000000c1400000, 0x00000000c1400000| Untracked 
|   1|0x00000000c1500000, 0x00000000c1500000, 0x00000000c1600000|  0%| F|  |TAMS 0x00000000c1500000, 0x00000000c1500000| Untracked 
|   2|0x00000000c1600000, 0x00000000c1600000, 0x00000000c1700000|  0%| F|  |TAMS 0x00000000c1600000, 0x00000000c1600000| Untracked 
|   3|0x00000000c1700000, 0x00000000c1700000, 0x00000000c1800000|  0%| F|  |TAMS 0x00000000c1700000, 0x00000000c1700000| Untracked 
|   4|0x00000000c1800000, 0x00000000c1800000, 0x00000000c1900000|  0%| F|  |TAMS 0x00000000c1800000, 0x00000000c1800000| Untracked 
|   5|0x00000000c1900000, 0x00000000c1900000, 0x00000000c1a00000|  0%| F|  |TAMS 0x00000000c1900000, 0x00000000c1900000| Untracked 
|   6|0x00000000c1a00000, 0x00000000c1a00000, 0x00000000c1b00000|  0%| F|  |TAMS 0x00000000c1a00000, 0x00000000c1a00000| Untracked 
|   7|0x00000000c1b00000, 0x00000000c1b00000, 0x00000000c1c00000|  0%| F|  |TAMS 0x00000000c1b00000, 0x00000000c1b00000| Untracked 
|   8|0x00000000c1c00000, 0x00000000c1c00000, 0x00000000c1d00000|  0%| F|  |TAMS 0x00000000c1c00000, 0x00000000c1c00000| Untracked 
|   9|0x00000000c1d00000, 0x00000000c1d00000, 0x00000000c1e00000|  0%| F|  |TAMS 0x00000000c1d00000, 0x00000000c1d00000| Untracked 
|  10|0x00000000c1e00000, 0x00000000c1e00000, 0x00000000c1f00000|  0%| F|  |TAMS 0x00000000c1e00000, 0x00000000c1e00000| Untracked 
|  11|0x00000000c1f00000, 0x00000000c1f00000, 0x00000000c2000000|  0%| F|  |TAMS 0x00000000c1f00000, 0x00000000c1f00000| Untracked 
|  12|0x00000000c2000000, 0x00000000c2000000, 0x00000000c2100000|  0%| F|  |TAMS 0x00000000c2000000, 0x00000000c2000000| Untracked 
|  13|0x00000000c2100000, 0x00000000c2100000, 0x00000000c2200000|  0%| F|  |TAMS 0x00000000c2100000, 0x00000000c2100000| Untracked 
|  14|0x00000000c2200000, 0x00000000c2200000, 0x00000000c2300000|  0%| F|  |TAMS 0x00000000c2200000, 0x00000000c2200000| Untracked 
|  15|0x00000000c2300000, 0x00000000c2300000, 0x00000000c2400000|  0%| F|  |TAMS 0x00000000c2300000, 0x00000000c2300000| Untracked 
|  16|0x00000000c2400000, 0x00000000c2400000, 0x00000000c2500000|  0%| F|  |TAMS 0x00000000c2400000, 0x00000000c2400000| Untracked 
|  17|0x00000000c2500000, 0x00000000c2500000, 0x00000000c2600000|  0%| F|  |TAMS 0x00000000c2500000, 0x00000000c2500000| Untracked 
|  18|0x00000000c2600000, 0x00000000c2600000, 0x00000000c2700000|  0%| F|  |TAMS 0x00000000c2600000, 0x00000000c2600000| Untracked 
|  19|0x00000000c2700000, 0x00000000c2700000, 0x00000000c2800000|  0%| F|  |TAMS 0x00000000c2700000, 0x00000000c2700000| Untracked 
|  20|0x00000000c2800000, 0x00000000c2800000, 0x00000000c2900000|  0%| F|  |TAMS 0x00000000c2800000, 0x00000000c2800000| Untracked 
|  21|0x00000000c2900000, 0x00000000c2900000, 0x00000000c2a00000|  0%| F|  |TAMS 0x00000000c2900000, 0x00000000c2900000| Untracked 
|  22|0x00000000c2a00000, 0x00000000c2a00000, 0x00000000c2b00000|  0%| F|  |TAMS 0x00000000c2a00000, 0x00000000c2a00000| Untracked 
|  23|0x00000000c2b00000, 0x00000000c2b00000, 0x00000000c2c00000|  0%| F|  |TAMS 0x00000000c2b00000, 0x00000000c2b00000| Untracked 
|  24|0x00000000c2c00000, 0x00000000c2c00000, 0x00000000c2d00000|  0%| F|  |TAMS 0x00000000c2c00000, 0x00000000c2c00000| Untracked 
|  25|0x00000000c2d00000, 0x00000000c2d00000, 0x00000000c2e00000|  0%| F|  |TAMS 0x00000000c2d00000, 0x00000000c2d00000| Untracked 
|  26|0x00000000c2e00000, 0x00000000c2e00000, 0x00000000c2f00000|  0%| F|  |TAMS 0x00000000c2e00000, 0x00000000c2e00000| Untracked 
|  27|0x00000000c2f00000, 0x00000000c2f00000, 0x00000000c3000000|  0%| F|  |TAMS 0x00000000c2f00000, 0x00000000c2f00000| Untracked 
|  28|0x00000000c3000000, 0x00000000c3000000, 0x00000000c3100000|  0%| F|  |TAMS 0x00000000c3000000, 0x00000000c3000000| Untracked 
|  29|0x00000000c3100000, 0x00000000c3100000, 0x00000000c3200000|  0%| F|  |TAMS 0x00000000c3100000, 0x00000000c3100000| Untracked 
|  30|0x00000000c3200000, 0x00000000c3200000, 0x00000000c3300000|  0%| F|  |TAMS 0x00000000c3200000, 0x00000000c3200000| Untracked 
|  31|0x00000000c3300000, 0x00000000c3300000, 0x00000000c3400000|  0%| F|  |TAMS 0x00000000c3300000, 0x00000000c3300000| Untracked 
|  32|0x00000000c3400000, 0x00000000c3400000, 0x00000000c3500000|  0%| F|  |TAMS 0x00000000c3400000, 0x00000000c3400000| Untracked 
|  33|0x00000000c3500000, 0x00000000c3500000, 0x00000000c3600000|  0%| F|  |TAMS 0x00000000c3500000, 0x00000000c3500000| Untracked 
|  34|0x00000000c3600000, 0x00000000c3600000, 0x00000000c3700000|  0%| F|  |TAMS 0x00000000c3600000, 0x00000000c3600000| Untracked 
|  35|0x00000000c3700000, 0x00000000c3700000, 0x00000000c3800000|  0%| F|  |TAMS 0x00000000c3700000, 0x00000000c3700000| Untracked 
|  36|0x00000000c3800000, 0x00000000c3800000, 0x00000000c3900000|  0%| F|  |TAMS 0x00000000c3800000, 0x00000000c3800000| Untracked 
|  37|0x00000000c3900000, 0x00000000c3900000, 0x00000000c3a00000|  0%| F|  |TAMS 0x00000000c3900000, 0x00000000c3900000| Untracked 
|  38|0x00000000c3a00000, 0x00000000c3a00000, 0x00000000c3b00000|  0%| F|  |TAMS 0x00000000c3a00000, 0x00000000c3a00000| Untracked 
|  39|0x00000000c3b00000, 0x00000000c3b00000, 0x00000000c3c00000|  0%| F|  |TAMS 0x00000000c3b00000, 0x00000000c3b00000| Untracked 
|  40|0x00000000c3c00000, 0x00000000c3c00000, 0x00000000c3d00000|  0%| F|  |TAMS 0x00000000c3c00000, 0x00000000c3c00000| Untracked 
|  41|0x00000000c3d00000, 0x00000000c3d00000, 0x00000000c3e00000|  0%| F|  |TAMS 0x00000000c3d00000, 0x00000000c3d00000| Untracked 
|  42|0x00000000c3e00000, 0x00000000c3e00000, 0x00000000c3f00000|  0%| F|  |TAMS 0x00000000c3e00000, 0x00000000c3e00000| Untracked 
|  43|0x00000000c3f00000, 0x00000000c3f00000, 0x00000000c4000000|  0%| F|  |TAMS 0x00000000c3f00000, 0x00000000c3f00000| Untracked 
|  44|0x00000000c4000000, 0x00000000c4000000, 0x00000000c4100000|  0%| F|  |TAMS 0x00000000c4000000, 0x00000000c4000000| Untracked 
|  45|0x00000000c4100000, 0x00000000c4100000, 0x00000000c4200000|  0%| F|  |TAMS 0x00000000c4100000, 0x00000000c4100000| Untracked 
|  46|0x00000000c4200000, 0x00000000c4200000, 0x00000000c4300000|  0%| F|  |TAMS 0x00000000c4200000, 0x00000000c4200000| Untracked 
|  47|0x00000000c4300000, 0x00000000c4300000, 0x00000000c4400000|  0%| F|  |TAMS 0x00000000c4300000, 0x00000000c4300000| Untracked 
|  48|0x00000000c4400000, 0x00000000c4400000, 0x00000000c4500000|  0%| F|  |TAMS 0x00000000c4400000, 0x00000000c4400000| Untracked 
|  49|0x00000000c4500000, 0x00000000c4500000, 0x00000000c4600000|  0%| F|  |TAMS 0x00000000c4500000, 0x00000000c4500000| Untracked 
|  50|0x00000000c4600000, 0x00000000c4600000, 0x00000000c4700000|  0%| F|  |TAMS 0x00000000c4600000, 0x00000000c4600000| Untracked 
|  51|0x00000000c4700000, 0x00000000c4700000, 0x00000000c4800000|  0%| F|  |TAMS 0x00000000c4700000, 0x00000000c4700000| Untracked 
|  52|0x00000000c4800000, 0x00000000c4800000, 0x00000000c4900000|  0%| F|  |TAMS 0x00000000c4800000, 0x00000000c4800000| Untracked 
|  53|0x00000000c4900000, 0x00000000c4900000, 0x00000000c4a00000|  0%| F|  |TAMS 0x00000000c4900000, 0x00000000c4900000| Untracked 
|  54|0x00000000c4a00000, 0x00000000c4a00000, 0x00000000c4b00000|  0%| F|  |TAMS 0x00000000c4a00000, 0x00000000c4a00000| Untracked 
|  55|0x00000000c4b00000, 0x00000000c4b00000, 0x00000000c4c00000|  0%| F|  |TAMS 0x00000000c4b00000, 0x00000000c4b00000| Untracked 
|  56|0x00000000c4c00000, 0x00000000c4c00000, 0x00000000c4d00000|  0%| F|  |TAMS 0x00000000c4c00000, 0x00000000c4c00000| Untracked 
|  57|0x00000000c4d00000, 0x00000000c4d00000, 0x00000000c4e00000|  0%| F|  |TAMS 0x00000000c4d00000, 0x00000000c4d00000| Untracked 
|  58|0x00000000c4e00000, 0x00000000c4e00000, 0x00000000c4f00000|  0%| F|  |TAMS 0x00000000c4e00000, 0x00000000c4e00000| Untracked 
|  59|0x00000000c4f00000, 0x00000000c4f00000, 0x00000000c5000000|  0%| F|  |TAMS 0x00000000c4f00000, 0x00000000c4f00000| Untracked 
|  60|0x00000000c5000000, 0x00000000c5000000, 0x00000000c5100000|  0%| F|  |TAMS 0x00000000c5000000, 0x00000000c5000000| Untracked 
|  61|0x00000000c5100000, 0x00000000c5100000, 0x00000000c5200000|  0%| F|  |TAMS 0x00000000c5100000, 0x00000000c5100000| Untracked 
|  62|0x00000000c5200000, 0x00000000c52d7930, 0x00000000c5300000| 84%| E|  |TAMS 0x00000000c5200000, 0x00000000c5200000| Complete 
|  63|0x00000000c5300000, 0x00000000c5400000, 0x00000000c5400000|100%| E|CS|TAMS 0x00000000c5300000, 0x00000000c5300000| Complete 

Card table byte_map: [0x000002a2dab80000,0x000002a2dad80000] _byte_map_base: 0x000002a2da576000

Marking Bits (Prev, Next): (CMBitMap*) 0x000002a2c1852a68, (CMBitMap*) 0x000002a2c1852aa0
 Prev Bits: [0x000002a2daf80000, 0x000002a2dbf30000)
 Next Bits: [0x000002a2dbf30000, 0x000002a2dcee0000)

Polling page: 0x000002a2c1900000

Metaspace:

Usage:
  Non-class:      5.04 MB capacity,     4.99 MB (>99%) used,    43.39 KB ( <1%) free+waste,     2.63 KB ( <1%) overhead. 
      Class:    502.00 KB capacity,   487.02 KB ( 97%) used,    13.61 KB (  3%) free+waste,     1.38 KB ( <1%) overhead. 
       Both:      5.53 MB capacity,     5.47 MB ( 99%) used,    57.00 KB (  1%) free+waste,     4.00 KB ( <1%) overhead. 

Virtual space:
  Non-class space:        8.00 MB reserved,       5.25 MB ( 66%) committed 
      Class space:        1.00 GB reserved,     512.00 KB ( <1%) committed 
             Both:        1.01 GB reserved,       5.75 MB ( <1%) committed 

Chunk freelists:
   Non-Class:  3.38 KB
       Class:  1.25 KB
        Both:  4.63 KB

CodeHeap 'non-profiled nmethods': size=120064Kb used=54Kb max_used=54Kb free=120009Kb
 bounds [0x000002a2d2e10000, 0x000002a2d3080000, 0x000002a2da350000]
CodeHeap 'profiled nmethods': size=120000Kb used=215Kb max_used=215Kb free=119784Kb
 bounds [0x000002a2cb8e0000, 0x000002a2cbb50000, 0x000002a2d2e10000]
CodeHeap 'non-nmethods': size=5696Kb used=1045Kb max_used=1045Kb free=4650Kb
 bounds [0x000002a2cb350000, 0x000002a2cb5c0000, 0x000002a2cb8e0000]
 total_blobs=570 nmethods=183 adapters=238
 compilation: enabled
              stopped_count=0, restarted_count=0
 full_count=0

Compilation events (10 events):
Event: 0.598 Thread 0x000002a2dfd36800  172       3       java.util.ImmutableCollections::emptySet (4 bytes)
Event: 0.598 Thread 0x000002a2dfd36800 nmethod 172 0x000002a2cb910b10 code [0x000002a2cb910cc0, 0x000002a2cb910e18]
Event: 0.606 Thread 0x000002a2dfd36800  173       3       java.util.AbstractMap::<init> (5 bytes)
Event: 0.607 Thread 0x000002a2dfd36800 nmethod 173 0x000002a2cb910e90 code [0x000002a2cb911040, 0x000002a2cb9111f8]
Event: 0.615 Thread 0x000002a2dfd36800  174       3       java.lang.StringLatin1::indexOf (61 bytes)
Event: 0.616 Thread 0x000002a2dfd36800 nmethod 174 0x000002a2cb911290 code [0x000002a2cb911460, 0x000002a2cb911878]
Event: 0.616 Thread 0x000002a2dfd36800  175       3       java.util.Arrays::copyOfRange (63 bytes)
Event: 0.618 Thread 0x000002a2dfd36800 nmethod 175 0x000002a2cb911990 code [0x000002a2cb911c40, 0x000002a2cb9127e0]
Event: 0.618 Thread 0x000002a2dfd36800  176       3       java.lang.String::indexOf (29 bytes)
Event: 0.618 Thread 0x000002a2dfd36800 nmethod 176 0x000002a2cb912c10 code [0x000002a2cb912de0, 0x000002a2cb9130c0]

GC Heap History (0 events):
No events

Deoptimization events (0 events):
No events

Classes redefined (0 events):
No events

Internal exceptions (0 events):
No events

Events (10 events):
Event: 0.619 loading class java/util/ArrayDeque$DeqIterator done
Event: 0.619 loading class sun/instrument/TransformerManager
Event: 0.620 loading class sun/instrument/TransformerManager done
Event: 0.620 loading class sun/instrument/TransformerManager$TransformerInfo
Event: 0.620 loading class sun/instrument/TransformerManager$TransformerInfo done
Event: 0.621 loading class com/intellij/rt/execution/application/AppMainV2$Agent
Event: 0.621 loading class com/intellij/rt/execution/application/AppMainV2$Agent done
Event: 0.621 loading class sun/net/util/URLUtil
Event: 0.621 loading class sun/net/util/URLUtil done
Event: 0.621 loading class java/util/Locale


Dynamic libraries:
0x00007ff699b60000 - 0x00007ff699ba7000 	C:\Program Files\Java\jdk-11.0.2\bin\java.exe
0x00007ff902c40000 - 0x00007ff902e21000 	C:\WINDOWS\SYSTEM32\ntdll.dll
0x00007ff9005d0000 - 0x00007ff900681000 	C:\WINDOWS\System32\KERNEL32.DLL
0x00007ff8ff910000 - 0x00007ff8ffb83000 	C:\WINDOWS\System32\KERNELBASE.dll
0x00007ff902940000 - 0x00007ff9029e1000 	C:\WINDOWS\System32\ADVAPI32.dll
0x00007ff900bb0000 - 0x00007ff900c4e000 	C:\WINDOWS\System32\msvcrt.dll
0x00007ff900980000 - 0x00007ff9009db000 	C:\WINDOWS\System32\sechost.dll
0x00007ff900a80000 - 0x00007ff900ba4000 	C:\WINDOWS\System32\RPCRT4.dll
0x00007ff900690000 - 0x00007ff900820000 	C:\WINDOWS\System32\USER32.dll
0x00007ff8ffbf0000 - 0x00007ff8ffc10000 	C:\WINDOWS\System32\win32u.dll
0x00007ff900480000 - 0x00007ff9004a8000 	C:\WINDOWS\System32\GDI32.dll
0x00007ff8ff720000 - 0x00007ff8ff8b1000 	C:\WINDOWS\System32\gdi32full.dll
0x00007ff8fff00000 - 0x00007ff8fff9f000 	C:\WINDOWS\System32\msvcp_win.dll
0x00007ff8ffe00000 - 0x00007ff8ffef8000 	C:\WINDOWS\System32\ucrtbase.dll
0x00007ff8ee860000 - 0x00007ff8eeac9000 	C:\WINDOWS\WinSxS\amd64_microsoft.windows.common-controls_6595b64144ccf1df_6.0.17134.885_none_fb42a3473065565f\COMCTL32.dll
0x00007ff9000d0000 - 0x00007ff9003f2000 	C:\WINDOWS\System32\combase.dll
0x00007ff8fffa0000 - 0x00007ff900019000 	C:\WINDOWS\System32\bcryptPrimitives.dll
0x00007ff8ef4a0000 - 0x00007ff8ef4aa000 	C:\WINDOWS\SYSTEM32\VERSION.dll
0x00007ff900a50000 - 0x00007ff900a7d000 	C:\WINDOWS\System32\IMM32.DLL
0x00007ff8f99f0000 - 0x00007ff8f9a06000 	C:\Program Files\Java\jdk-11.0.2\bin\vcruntime140.dll
0x00007ff8dc5e0000 - 0x00007ff8dc68a000 	C:\Program Files\Java\jdk-11.0.2\bin\msvcp140.dll
0x00007ff8be8a0000 - 0x00007ff8bf3c7000 	C:\Program Files\Java\jdk-11.0.2\bin\server\jvm.dll
0x00007ff9004b0000 - 0x00007ff9004b8000 	C:\WINDOWS\System32\PSAPI.DLL
0x00007ff8efe30000 - 0x00007ff8efe39000 	C:\WINDOWS\SYSTEM32\WSOCK32.dll
0x00007ff902a10000 - 0x00007ff902a7c000 	C:\WINDOWS\System32\WS2_32.dll
0x00007ff8fc9e0000 - 0x00007ff8fca03000 	C:\WINDOWS\SYSTEM32\WINMM.dll
0x00007ff8fc5c0000 - 0x00007ff8fc5ea000 	C:\WINDOWS\SYSTEM32\WINMMBASE.dll
0x00007ff8ff8c0000 - 0x00007ff8ff909000 	C:\WINDOWS\System32\cfgmgr32.dll
0x00007ff8fefb0000 - 0x00007ff8fefc1000 	C:\WINDOWS\System32\kernel.appcore.dll
0x00007ff8f91d0000 - 0x00007ff8f91e1000 	C:\Program Files\Java\jdk-11.0.2\bin\verify.dll
0x00007ff8fd9b0000 - 0x00007ff8fdb79000 	C:\WINDOWS\SYSTEM32\DBGHELP.DLL
0x00007ff8eebc0000 - 0x00007ff8eebe9000 	C:\WINDOWS\SYSTEM32\dbgcore.DLL
0x00007ff8edc90000 - 0x00007ff8edcb9000 	C:\Program Files\Java\jdk-11.0.2\bin\java.dll
0x00007ff8ec530000 - 0x00007ff8ec55f000 	C:\Program Files\Java\jdk-11.0.2\bin\instrument.dll
0x00007ff8f8070000 - 0x00007ff8f8086000 	C:\Program Files\Java\jdk-11.0.2\bin\zip.dll
0x00007ff8f9a20000 - 0x00007ff8f9a2a000 	C:\Program Files\Java\jdk-11.0.2\bin\jimage.dll
0x00007ff900c50000 - 0x00007ff902090000 	C:\WINDOWS\System32\SHELL32.dll
0x00007ff900520000 - 0x00007ff9005c9000 	C:\WINDOWS\System32\shcore.dll
0x00007ff8ff010000 - 0x00007ff8ff71d000 	C:\WINDOWS\System32\windows.storage.dll
0x00007ff9004c0000 - 0x00007ff900511000 	C:\WINDOWS\System32\shlwapi.dll
0x00007ff8feff0000 - 0x00007ff8ff00f000 	C:\WINDOWS\System32\profapi.dll
0x00007ff8fef60000 - 0x00007ff8fefac000 	C:\WINDOWS\System32\powrprof.dll
0x00007ff8fef50000 - 0x00007ff8fef5a000 	C:\WINDOWS\System32\FLTLIB.DLL
0x00007ff8eefb0000 - 0x00007ff8eefc9000 	C:\Program Files\Java\jdk-11.0.2\bin\net.dll
0x00007ff8f4090000 - 0x00007ff8f416d000 	C:\WINDOWS\SYSTEM32\WINHTTP.dll
0x00007ff8f36b0000 - 0x00007ff8f3879000 	C:\WINDOWS\SYSTEM32\urlmon.dll
0x00007ff8f18d0000 - 0x00007ff8f1b76000 	C:\WINDOWS\SYSTEM32\iertutil.dll
0x00007ff8fe9a0000 - 0x00007ff8fe9ab000 	C:\WINDOWS\SYSTEM32\CRYPTBASE.DLL
0x00007ff8fe7d0000 - 0x00007ff8fe836000 	C:\WINDOWS\system32\mswsock.dll
0x00007ff8ed350000 - 0x00007ff8ed363000 	C:\Program Files\Java\jdk-11.0.2\bin\nio.dll

dbghelp: loaded successfully - version: 4.0.5 - missing functions: none
symbol engine: initialized successfully - sym options: 0x614 - pdb path: .;C:\Program Files\Java\jdk-11.0.2\bin;C:\WINDOWS\SYSTEM32;C:\WINDOWS\WinSxS\amd64_microsoft.windows.common-controls_6595b64144ccf1df_6.0.17134.885_none_fb42a3473065565f;C:\Program Files\Java\jdk-11.0.2\bin\server

VM Arguments:
jvm_args: -javaagent:C:\Program Files\JetBrains\IntelliJ IDEA Community Edition 2018.3.6\lib\idea_rt.jar=58780:C:\Program Files\JetBrains\IntelliJ IDEA Community Edition 2018.3.6\bin -Dfile.encoding=UTF-8 
java_command: ExeptionHW
java_class_path (initial): C:\Users\user\IdeaProjects\ExeptionHW\out\production\ExeptionHW
Launcher Type: SUN_STANDARD

[Global flags]
     intx CICompilerCount                          = 3                                         {product} {ergonomic}
     uint ConcGCThreads                            = 1                                         {product} {ergonomic}
     uint G1ConcRefinementThreads                  = 4                                         {product} {ergonomic}
   size_t G1HeapRegionSize                         = 1048576                                   {product} {ergonomic}
    uintx GCDrainStackTargetSize                   = 64                                        {product} {ergonomic}
   size_t InitialHeapSize                          = 67108864                                  {product} {ergonomic}
   size_t MarkStackSize                            = 4194304                                   {product} {ergonomic}
   size_t MaxHeapSize                              = 1052770304                                {product} {ergonomic}
   size_t MaxNewSize                               = 631242752                                 {product} {ergonomic}
   size_t MinHeapDeltaBytes                        = 1048576                                   {product} {ergonomic}
    uintx NonNMethodCodeHeapSize                   = 5830092                                {pd product} {ergonomic}
    uintx NonProfiledCodeHeapSize                  = 122914074                              {pd product} {ergonomic}
    uintx ProfiledCodeHeapSize                     = 122914074                              {pd product} {ergonomic}
    uintx ReservedCodeCacheSize                    = 251658240                              {pd product} {ergonomic}
     bool SegmentedCodeCache                       = true                                      {product} {ergonomic}
     bool UseCompressedClassPointers               = true                                 {lp64_product} {ergonomic}
     bool UseCompressedOops                        = true                                 {lp64_product} {ergonomic}
     bool UseG1GC                                  = true                                      {product} {ergonomic}
     bool UseLargePagesIndividualAllocation        = false                                  {pd product} {ergonomic}

Logging:
Log output configuration:
 #0: stdout all=warning uptime,level,tags
 #1: stderr all=off uptime,level,tags

Environment Variables:
JAVA_HOME=C:\Program Files\Java\jdk-11.0.2
PATH=C:\Program Files (x86)\Common Files\Oracle\Java\javapath;C:\Program Files (x86)\Lenovo\FusionEngine;C:\Program Files\Broadcom\Broadcom 802.11 Network Adapter;C:\Program Files (x86)\Intel\iCLS Client\;C:\Program Files\Intel\iCLS Client\;C:\WINDOWS\system32;C:\WINDOWS;C:\WINDOWS\System32\Wbem;C:\WINDOWS\System32\WindowsPowerShell\v1.0\;C:\Program Files\Intel\Intel(R) Management Engine Components\DAL;C:\Program Files (x86)\Intel\Intel(R) Management Engine Components\DAL;C:\Program Files\Intel\Intel(R) Management Engine Components\IPT;C:\Program Files (x86)\Intel\Intel(R) Management Engine Components\IPT;C:\Program Files\Lenovo\Bluetooth Software\;C:\Program Files\Lenovo\Bluetooth Software\syswow64;C:\Program Files (x86)\Lenovo\Motion Control\;C:\Program Files (x86)\Common Files\lenovo\easyplussdk\bin;C:\Program Files (x86)\Skype\Phone\;C:\WINDOWS\System32\OpenSSH\;C:\Program Files\Git\cmd;C:\Program Files\Java\jdk-11.0.2\bin;C:\Program Files\PuTTY\;C:\Users\user\AppData\Local\Programs\Python\Python37\Scripts\;C:\Users\user\AppData\Local\Programs\Python\Python37\;C:\Users\user\AppData\Local\Microsoft\WindowsApps
USERNAME=user
OS=Windows_NT
PROCESSOR_IDENTIFIER=Intel64 Family 6 Model 61 Stepping 4, GenuineIntel



---------------  S Y S T E M  ---------------

OS: Windows 10 , 64 bit Build 17134 (10.0.17134.753)

CPU:total 4 (initial active 4) (2 cores per cpu, 2 threads per core) family 6 model 61 stepping 4, cmov, cx8, fxsr, mmx, sse, sse2, sse3, ssse3, sse4.1, sse4.2, popcnt, avx, avx2, aes, clmul, erms, 3dnowpref, lzcnt, ht, tsc, tscinvbit, bmi1, bmi2, adx, fma

Memory: 4k page, system-wide physical 4011M (494M free)
TotalPageFile size 8406M (AvailPageFile size 0M)
current process WorkingSet (physical memory assigned to process): 32M, peak: 32M
current process commit charge ("private bytes"): 130M, peak: 130M

vm_info: Java HotSpot(TM) 64-Bit Server VM (11.0.2+9-LTS) for windows-amd64 JRE (11.0.2+9-LTS), built on Jan 18 2019 05:24:10 by "mach5one" with MS VC++ 15.5 (VS2017)

END.
